This file contains any messages produced by compilers while
running configure, to aid debugging if configure makes a mistake.

It was created by Arm_Simulator configure 1.4, which was
generated by GNU Autoconf 2.69.  Invocation command line was

  $ ./configure CFLAGS=-Wall -Werror -g

## --------- ##
## Platform. ##
## --------- ##

hostname = hernzbuntu
uname -m = x86_64
uname -r = 4.13.0-19-generic
uname -s = Linux
uname -v = #22-Ubuntu SMP Mon Dec 4 11:58:07 UTC 2017

/usr/bin/uname -p = unknown
/bin/uname -X     = unknown

/bin/arch              = unknown
/usr/bin/arch -k       = unknown
/usr/convex/getsysinfo = unknown
/usr/bin/hostinfo      = unknown
/bin/machine           = unknown
/usr/bin/oslevel       = unknown
/bin/universe          = unknown

PATH: /home/hernz/bin
PATH: /usr/local/sbin
PATH: /usr/local/bin
PATH: /usr/sbin
PATH: /usr/bin
PATH: /sbin
PATH: /bin
PATH: /usr/games
PATH: /usr/local/games
PATH: /snap/bin


## ----------- ##
## Core tests. ##
## ----------- ##

configure:2410: checking for a BSD-compatible install
configure:2478: result: /usr/bin/install -c
configure:2489: checking whether build environment is sane
configure:2544: result: yes
configure:2695: checking for a thread-safe mkdir -p
configure:2734: result: /bin/mkdir -p
configure:2741: checking for gawk
configure:2771: result: no
configure:2741: checking for mawk
configure:2757: found /usr/bin/mawk
configure:2768: result: mawk
configure:2779: checking whether make sets $(MAKE)
configure:2801: result: yes
configure:2830: checking whether make supports nested variables
configure:2847: result: yes
configure:3026: checking for gcc
configure:3042: found /usr/bin/gcc
configure:3053: result: gcc
configure:3282: checking for C compiler version
configure:3291: gcc --version >&5
gcc (Ubuntu 7.2.0-8ubuntu3) 7.2.0
Copyright (C) 2017 Free Software Foundation, Inc.
This is free software; see the source for copying conditions.  There is NO
warranty; not even for MERCHANTABILITY or FITNESS FOR A PARTICULAR PURPOSE.

configure:3302: $? = 0
configure:3291: gcc -v >&5
Using built-in specs.
COLLECT_GCC=gcc
COLLECT_LTO_WRAPPER=/usr/lib/gcc/x86_64-linux-gnu/7/lto-wrapper
OFFLOAD_TARGET_NAMES=nvptx-none
OFFLOAD_TARGET_DEFAULT=1
Target: x86_64-linux-gnu
Configured with: ../src/configure -v --with-pkgversion='Ubuntu 7.2.0-8ubuntu3' --with-bugurl=file:///usr/share/doc/gcc-7/README.Bugs --enable-languages=c,ada,c++,go,brig,d,fortran,objc,obj-c++ --prefix=/usr --with-gcc-major-version-only --program-suffix=-7 --program-prefix=x86_64-linux-gnu- --enable-shared --enable-linker-build-id --libexecdir=/usr/lib --without-included-gettext --enable-threads=posix --libdir=/usr/lib --enable-nls --with-sysroot=/ --enable-clocale=gnu --enable-libstdcxx-debug --enable-libstdcxx-time=yes --with-default-libstdcxx-abi=new --enable-gnu-unique-object --disable-vtable-verify --enable-libmpx --enable-plugin --enable-default-pie --with-system-zlib --with-target-system-zlib --enable-objc-gc=auto --enable-multiarch --disable-werror --with-arch-32=i686 --with-abi=m64 --with-multilib-list=m32,m64,mx32 --enable-multilib --with-tune=generic --enable-offload-targets=nvptx-none --without-cuda-driver --enable-checking=release --build=x86_64-linux-gnu --host=x86_64-linux-gnu --target=x86_64-linux-gnu
Thread model: posix
gcc version 7.2.0 (Ubuntu 7.2.0-8ubuntu3) 
configure:3302: $? = 0
configure:3291: gcc -V >&5
gcc: error: unrecognized command line option '-V'
gcc: fatal error: no input files
compilation terminated.
configure:3302: $? = 1
configure:3291: gcc -qversion >&5
gcc: error: unrecognized command line option '-qversion'; did you mean '--version'?
gcc: fatal error: no input files
compilation terminated.
configure:3302: $? = 1
configure:3322: checking whether the C compiler works
configure:3344: gcc -Wall -Werror -g   conftest.c  >&5
configure:3348: $? = 0
configure:3396: result: yes
configure:3399: checking for C compiler default output file name
configure:3401: result: a.out
configure:3407: checking for suffix of executables
configure:3414: gcc -o conftest -Wall -Werror -g   conftest.c  >&5
configure:3418: $? = 0
configure:3440: result: 
configure:3462: checking whether we are cross compiling
configure:3470: gcc -o conftest -Wall -Werror -g   conftest.c  >&5
configure:3474: $? = 0
configure:3481: ./conftest
configure:3485: $? = 0
configure:3500: result: no
configure:3505: checking for suffix of object files
configure:3527: gcc -c -Wall -Werror -g  conftest.c >&5
configure:3531: $? = 0
configure:3552: result: o
configure:3556: checking whether we are using the GNU C compiler
configure:3575: gcc -c -Wall -Werror -g  conftest.c >&5
configure:3575: $? = 0
configure:3584: result: yes
configure:3593: checking whether gcc accepts -g
configure:3613: gcc -c -g  conftest.c >&5
configure:3613: $? = 0
configure:3654: result: yes
configure:3671: checking for gcc option to accept ISO C89
configure:3734: gcc  -c -Wall -Werror -g  conftest.c >&5
configure:3734: $? = 0
configure:3747: result: none needed
configure:3772: checking whether gcc understands -c and -o together
configure:3794: gcc -c conftest.c -o conftest2.o
configure:3797: $? = 0
configure:3794: gcc -c conftest.c -o conftest2.o
configure:3797: $? = 0
configure:3809: result: yes
configure:3837: checking for style of include used by make
configure:3865: result: GNU
configure:3891: checking dependency style of gcc
configure:4002: result: gcc3
configure:4026: checking dependency style of gcc
configure:4135: result: gcc3
configure:4156: checking for flex
configure:4186: result: no
configure:4156: checking for lex
configure:4186: result: no
configure:4323: checking how to run the C preprocessor
configure:4354: gcc -E  conftest.c
configure:4354: $? = 0
configure:4368: gcc -E  conftest.c
conftest.c:11:10: fatal error: ac_nonexistent.h: No such file or directory
 #include <ac_nonexistent.h>
          ^~~~~~~~~~~~~~~~~~
compilation terminated.
configure:4368: $? = 1
configure: failed program was:
| /* confdefs.h */
| #define PACKAGE_NAME "Arm_Simulator"
| #define PACKAGE_TARNAME "arm_simulator"
| #define PACKAGE_VERSION "1.4"
| #define PACKAGE_STRING "Arm_Simulator 1.4"
| #define PACKAGE_BUGREPORT "Guillaume.Huard@imag.fr"
| #define PACKAGE_URL ""
| #define PACKAGE "arm_simulator"
| #define VERSION "1.4"
| /* end confdefs.h.  */
| #include <ac_nonexistent.h>
configure:4393: result: gcc -E
configure:4413: gcc -E  conftest.c
configure:4413: $? = 0
configure:4427: gcc -E  conftest.c
conftest.c:11:10: fatal error: ac_nonexistent.h: No such file or directory
 #include <ac_nonexistent.h>
          ^~~~~~~~~~~~~~~~~~
compilation terminated.
configure:4427: $? = 1
configure: failed program was:
| /* confdefs.h */
| #define PACKAGE_NAME "Arm_Simulator"
| #define PACKAGE_TARNAME "arm_simulator"
| #define PACKAGE_VERSION "1.4"
| #define PACKAGE_STRING "Arm_Simulator 1.4"
| #define PACKAGE_BUGREPORT "Guillaume.Huard@imag.fr"
| #define PACKAGE_URL ""
| #define PACKAGE "arm_simulator"
| #define VERSION "1.4"
| /* end confdefs.h.  */
| #include <ac_nonexistent.h>
configure:4456: checking for grep that handles long lines and -e
configure:4514: result: /bin/grep
configure:4519: checking for egrep
configure:4581: result: /bin/grep -E
configure:4586: checking for ANSI C header files
configure:4606: gcc -c -Wall -Werror -g  conftest.c >&5
configure:4606: $? = 0
configure:4679: gcc -o conftest -Wall -Werror -g   conftest.c  >&5
configure:4679: $? = 0
configure:4679: ./conftest
configure:4679: $? = 0
configure:4690: result: yes
configure:4698: checking for sys/wait.h that is POSIX.1 compatible
configure:4724: gcc -c -Wall -Werror -g  conftest.c >&5
configure:4724: $? = 0
configure:4731: result: yes
configure:4744: checking for sys/types.h
configure:4744: gcc -c -Wall -Werror -g  conftest.c >&5
configure:4744: $? = 0
configure:4744: result: yes
configure:4744: checking for sys/stat.h
configure:4744: gcc -c -Wall -Werror -g  conftest.c >&5
configure:4744: $? = 0
configure:4744: result: yes
configure:4744: checking for stdlib.h
configure:4744: gcc -c -Wall -Werror -g  conftest.c >&5
configure:4744: $? = 0
configure:4744: result: yes
configure:4744: checking for string.h
configure:4744: gcc -c -Wall -Werror -g  conftest.c >&5
configure:4744: $? = 0
configure:4744: result: yes
configure:4744: checking for memory.h
configure:4744: gcc -c -Wall -Werror -g  conftest.c >&5
configure:4744: $? = 0
configure:4744: result: yes
configure:4744: checking for strings.h
configure:4744: gcc -c -Wall -Werror -g  conftest.c >&5
configure:4744: $? = 0
configure:4744: result: yes
configure:4744: checking for inttypes.h
configure:4744: gcc -c -Wall -Werror -g  conftest.c >&5
configure:4744: $? = 0
configure:4744: result: yes
configure:4744: checking for stdint.h
configure:4744: gcc -c -Wall -Werror -g  conftest.c >&5
configure:4744: $? = 0
configure:4744: result: yes
configure:4744: checking for unistd.h
configure:4744: gcc -c -Wall -Werror -g  conftest.c >&5
configure:4744: $? = 0
configure:4744: result: yes
configure:4759: checking arpa/inet.h usability
configure:4759: gcc -c -Wall -Werror -g  conftest.c >&5
configure:4759: $? = 0
configure:4759: result: yes
configure:4759: checking arpa/inet.h presence
configure:4759: gcc -E  conftest.c
configure:4759: $? = 0
configure:4759: result: yes
configure:4759: checking for arpa/inet.h
configure:4759: result: yes
configure:4759: checking fcntl.h usability
configure:4759: gcc -c -Wall -Werror -g  conftest.c >&5
configure:4759: $? = 0
configure:4759: result: yes
configure:4759: checking fcntl.h presence
configure:4759: gcc -E  conftest.c
configure:4759: $? = 0
configure:4759: result: yes
configure:4759: checking for fcntl.h
configure:4759: result: yes
configure:4759: checking for inttypes.h
configure:4759: result: yes
configure:4759: checking netdb.h usability
configure:4759: gcc -c -Wall -Werror -g  conftest.c >&5
configure:4759: $? = 0
configure:4759: result: yes
configure:4759: checking netdb.h presence
configure:4759: gcc -E  conftest.c
configure:4759: $? = 0
configure:4759: result: yes
configure:4759: checking for netdb.h
configure:4759: result: yes
configure:4759: checking netinet/in.h usability
configure:4759: gcc -c -Wall -Werror -g  conftest.c >&5
configure:4759: $? = 0
configure:4759: result: yes
configure:4759: checking netinet/in.h presence
configure:4759: gcc -E  conftest.c
configure:4759: $? = 0
configure:4759: result: yes
configure:4759: checking for netinet/in.h
configure:4759: result: yes
configure:4759: checking for stdlib.h
configure:4759: result: yes
configure:4759: checking for string.h
configure:4759: result: yes
configure:4759: checking for strings.h
configure:4759: result: yes
configure:4759: checking sys/socket.h usability
configure:4759: gcc -c -Wall -Werror -g  conftest.c >&5
configure:4759: $? = 0
configure:4759: result: yes
configure:4759: checking sys/socket.h presence
configure:4759: gcc -E  conftest.c
configure:4759: $? = 0
configure:4759: result: yes
configure:4759: checking for sys/socket.h
configure:4759: result: yes
configure:4759: checking sys/time.h usability
configure:4759: gcc -c -Wall -Werror -g  conftest.c >&5
configure:4759: $? = 0
configure:4759: result: yes
configure:4759: checking sys/time.h presence
configure:4759: gcc -E  conftest.c
configure:4759: $? = 0
configure:4759: result: yes
configure:4759: checking for sys/time.h
configure:4759: result: yes
configure:4759: checking for unistd.h
configure:4759: result: yes
configure:4771: checking for an ANSI C-conforming const
configure:4837: gcc -c -Wall -Werror -g  conftest.c >&5
configure:4837: $? = 0
configure:4844: result: yes
configure:4852: checking for mode_t
configure:4852: gcc -c -Wall -Werror -g  conftest.c >&5
configure:4852: $? = 0
configure:4852: gcc -c -Wall -Werror -g  conftest.c >&5
conftest.c: In function 'main':
conftest.c:69:21: error: expected expression before ')' token
 if (sizeof ((mode_t)))
                     ^
configure:4852: $? = 1
configure: failed program was:
| /* confdefs.h */
| #define PACKAGE_NAME "Arm_Simulator"
| #define PACKAGE_TARNAME "arm_simulator"
| #define PACKAGE_VERSION "1.4"
| #define PACKAGE_STRING "Arm_Simulator 1.4"
| #define PACKAGE_BUGREPORT "Guillaume.Huard@imag.fr"
| #define PACKAGE_URL ""
| #define PACKAGE "arm_simulator"
| #define VERSION "1.4"
| #define STDC_HEADERS 1
| #define HAVE_SYS_WAIT_H 1
| #define HAVE_SYS_TYPES_H 1
| #define HAVE_SYS_STAT_H 1
| #define HAVE_STDLIB_H 1
| #define HAVE_STRING_H 1
| #define HAVE_MEMORY_H 1
| #define HAVE_STRINGS_H 1
| #define HAVE_INTTYPES_H 1
| #define HAVE_STDINT_H 1
| #define HAVE_UNISTD_H 1
| #define HAVE_ARPA_INET_H 1
| #define HAVE_FCNTL_H 1
| #define HAVE_INTTYPES_H 1
| #define HAVE_NETDB_H 1
| #define HAVE_NETINET_IN_H 1
| #define HAVE_STDLIB_H 1
| #define HAVE_STRING_H 1
| #define HAVE_STRINGS_H 1
| #define HAVE_SYS_SOCKET_H 1
| #define HAVE_SYS_TIME_H 1
| #define HAVE_UNISTD_H 1
| /* end confdefs.h.  */
| #include <stdio.h>
| #ifdef HAVE_SYS_TYPES_H
| # include <sys/types.h>
| #endif
| #ifdef HAVE_SYS_STAT_H
| # include <sys/stat.h>
| #endif
| #ifdef STDC_HEADERS
| # include <stdlib.h>
| # include <stddef.h>
| #else
| # ifdef HAVE_STDLIB_H
| #  include <stdlib.h>
| # endif
| #endif
| #ifdef HAVE_STRING_H
| # if !defined STDC_HEADERS && defined HAVE_MEMORY_H
| #  include <memory.h>
| # endif
| # include <string.h>
| #endif
| #ifdef HAVE_STRINGS_H
| # include <strings.h>
| #endif
| #ifdef HAVE_INTTYPES_H
| # include <inttypes.h>
| #endif
| #ifdef HAVE_STDINT_H
| # include <stdint.h>
| #endif
| #ifdef HAVE_UNISTD_H
| # include <unistd.h>
| #endif
| int
| main ()
| {
| if (sizeof ((mode_t)))
| 	    return 0;
|   ;
|   return 0;
| }
configure:4852: result: yes
configure:4863: checking for off_t
configure:4863: gcc -c -Wall -Werror -g  conftest.c >&5
configure:4863: $? = 0
configure:4863: gcc -c -Wall -Werror -g  conftest.c >&5
conftest.c: In function 'main':
conftest.c:69:20: error: expected expression before ')' token
 if (sizeof ((off_t)))
                    ^
configure:4863: $? = 1
configure: failed program was:
| /* confdefs.h */
| #define PACKAGE_NAME "Arm_Simulator"
| #define PACKAGE_TARNAME "arm_simulator"
| #define PACKAGE_VERSION "1.4"
| #define PACKAGE_STRING "Arm_Simulator 1.4"
| #define PACKAGE_BUGREPORT "Guillaume.Huard@imag.fr"
| #define PACKAGE_URL ""
| #define PACKAGE "arm_simulator"
| #define VERSION "1.4"
| #define STDC_HEADERS 1
| #define HAVE_SYS_WAIT_H 1
| #define HAVE_SYS_TYPES_H 1
| #define HAVE_SYS_STAT_H 1
| #define HAVE_STDLIB_H 1
| #define HAVE_STRING_H 1
| #define HAVE_MEMORY_H 1
| #define HAVE_STRINGS_H 1
| #define HAVE_INTTYPES_H 1
| #define HAVE_STDINT_H 1
| #define HAVE_UNISTD_H 1
| #define HAVE_ARPA_INET_H 1
| #define HAVE_FCNTL_H 1
| #define HAVE_INTTYPES_H 1
| #define HAVE_NETDB_H 1
| #define HAVE_NETINET_IN_H 1
| #define HAVE_STDLIB_H 1
| #define HAVE_STRING_H 1
| #define HAVE_STRINGS_H 1
| #define HAVE_SYS_SOCKET_H 1
| #define HAVE_SYS_TIME_H 1
| #define HAVE_UNISTD_H 1
| /* end confdefs.h.  */
| #include <stdio.h>
| #ifdef HAVE_SYS_TYPES_H
| # include <sys/types.h>
| #endif
| #ifdef HAVE_SYS_STAT_H
| # include <sys/stat.h>
| #endif
| #ifdef STDC_HEADERS
| # include <stdlib.h>
| # include <stddef.h>
| #else
| # ifdef HAVE_STDLIB_H
| #  include <stdlib.h>
| # endif
| #endif
| #ifdef HAVE_STRING_H
| # if !defined STDC_HEADERS && defined HAVE_MEMORY_H
| #  include <memory.h>
| # endif
| # include <string.h>
| #endif
| #ifdef HAVE_STRINGS_H
| # include <strings.h>
| #endif
| #ifdef HAVE_INTTYPES_H
| # include <inttypes.h>
| #endif
| #ifdef HAVE_STDINT_H
| # include <stdint.h>
| #endif
| #ifdef HAVE_UNISTD_H
| # include <unistd.h>
| #endif
| int
| main ()
| {
| if (sizeof ((off_t)))
| 	    return 0;
|   ;
|   return 0;
| }
configure:4863: result: yes
configure:4874: checking for pid_t
configure:4874: gcc -c -Wall -Werror -g  conftest.c >&5
configure:4874: $? = 0
configure:4874: gcc -c -Wall -Werror -g  conftest.c >&5
conftest.c: In function 'main':
conftest.c:69:20: error: expected expression before ')' token
 if (sizeof ((pid_t)))
                    ^
configure:4874: $? = 1
configure: failed program was:
| /* confdefs.h */
| #define PACKAGE_NAME "Arm_Simulator"
| #define PACKAGE_TARNAME "arm_simulator"
| #define PACKAGE_VERSION "1.4"
| #define PACKAGE_STRING "Arm_Simulator 1.4"
| #define PACKAGE_BUGREPORT "Guillaume.Huard@imag.fr"
| #define PACKAGE_URL ""
| #define PACKAGE "arm_simulator"
| #define VERSION "1.4"
| #define STDC_HEADERS 1
| #define HAVE_SYS_WAIT_H 1
| #define HAVE_SYS_TYPES_H 1
| #define HAVE_SYS_STAT_H 1
| #define HAVE_STDLIB_H 1
| #define HAVE_STRING_H 1
| #define HAVE_MEMORY_H 1
| #define HAVE_STRINGS_H 1
| #define HAVE_INTTYPES_H 1
| #define HAVE_STDINT_H 1
| #define HAVE_UNISTD_H 1
| #define HAVE_ARPA_INET_H 1
| #define HAVE_FCNTL_H 1
| #define HAVE_INTTYPES_H 1
| #define HAVE_NETDB_H 1
| #define HAVE_NETINET_IN_H 1
| #define HAVE_STDLIB_H 1
| #define HAVE_STRING_H 1
| #define HAVE_STRINGS_H 1
| #define HAVE_SYS_SOCKET_H 1
| #define HAVE_SYS_TIME_H 1
| #define HAVE_UNISTD_H 1
| /* end confdefs.h.  */
| #include <stdio.h>
| #ifdef HAVE_SYS_TYPES_H
| # include <sys/types.h>
| #endif
| #ifdef HAVE_SYS_STAT_H
| # include <sys/stat.h>
| #endif
| #ifdef STDC_HEADERS
| # include <stdlib.h>
| # include <stddef.h>
| #else
| # ifdef HAVE_STDLIB_H
| #  include <stdlib.h>
| # endif
| #endif
| #ifdef HAVE_STRING_H
| # if !defined STDC_HEADERS && defined HAVE_MEMORY_H
| #  include <memory.h>
| # endif
| # include <string.h>
| #endif
| #ifdef HAVE_STRINGS_H
| # include <strings.h>
| #endif
| #ifdef HAVE_INTTYPES_H
| # include <inttypes.h>
| #endif
| #ifdef HAVE_STDINT_H
| # include <stdint.h>
| #endif
| #ifdef HAVE_UNISTD_H
| # include <unistd.h>
| #endif
| int
| main ()
| {
| if (sizeof ((pid_t)))
| 	    return 0;
|   ;
|   return 0;
| }
configure:4874: result: yes
configure:4885: checking for size_t
configure:4885: gcc -c -Wall -Werror -g  conftest.c >&5
configure:4885: $? = 0
configure:4885: gcc -c -Wall -Werror -g  conftest.c >&5
conftest.c: In function 'main':
conftest.c:69:21: error: expected expression before ')' token
 if (sizeof ((size_t)))
                     ^
configure:4885: $? = 1
configure: failed program was:
| /* confdefs.h */
| #define PACKAGE_NAME "Arm_Simulator"
| #define PACKAGE_TARNAME "arm_simulator"
| #define PACKAGE_VERSION "1.4"
| #define PACKAGE_STRING "Arm_Simulator 1.4"
| #define PACKAGE_BUGREPORT "Guillaume.Huard@imag.fr"
| #define PACKAGE_URL ""
| #define PACKAGE "arm_simulator"
| #define VERSION "1.4"
| #define STDC_HEADERS 1
| #define HAVE_SYS_WAIT_H 1
| #define HAVE_SYS_TYPES_H 1
| #define HAVE_SYS_STAT_H 1
| #define HAVE_STDLIB_H 1
| #define HAVE_STRING_H 1
| #define HAVE_MEMORY_H 1
| #define HAVE_STRINGS_H 1
| #define HAVE_INTTYPES_H 1
| #define HAVE_STDINT_H 1
| #define HAVE_UNISTD_H 1
| #define HAVE_ARPA_INET_H 1
| #define HAVE_FCNTL_H 1
| #define HAVE_INTTYPES_H 1
| #define HAVE_NETDB_H 1
| #define HAVE_NETINET_IN_H 1
| #define HAVE_STDLIB_H 1
| #define HAVE_STRING_H 1
| #define HAVE_STRINGS_H 1
| #define HAVE_SYS_SOCKET_H 1
| #define HAVE_SYS_TIME_H 1
| #define HAVE_UNISTD_H 1
| /* end confdefs.h.  */
| #include <stdio.h>
| #ifdef HAVE_SYS_TYPES_H
| # include <sys/types.h>
| #endif
| #ifdef HAVE_SYS_STAT_H
| # include <sys/stat.h>
| #endif
| #ifdef STDC_HEADERS
| # include <stdlib.h>
| # include <stddef.h>
| #else
| # ifdef HAVE_STDLIB_H
| #  include <stdlib.h>
| # endif
| #endif
| #ifdef HAVE_STRING_H
| # if !defined STDC_HEADERS && defined HAVE_MEMORY_H
| #  include <memory.h>
| # endif
| # include <string.h>
| #endif
| #ifdef HAVE_STRINGS_H
| # include <strings.h>
| #endif
| #ifdef HAVE_INTTYPES_H
| # include <inttypes.h>
| #endif
| #ifdef HAVE_STDINT_H
| # include <stdint.h>
| #endif
| #ifdef HAVE_UNISTD_H
| # include <unistd.h>
| #endif
| int
| main ()
| {
| if (sizeof ((size_t)))
| 	    return 0;
|   ;
|   return 0;
| }
configure:4885: result: yes
configure:4896: checking for ssize_t
configure:4896: gcc -c -Wall -Werror -g  conftest.c >&5
configure:4896: $? = 0
configure:4896: gcc -c -Wall -Werror -g  conftest.c >&5
conftest.c: In function 'main':
conftest.c:69:22: error: expected expression before ')' token
 if (sizeof ((ssize_t)))
                      ^
configure:4896: $? = 1
configure: failed program was:
| /* confdefs.h */
| #define PACKAGE_NAME "Arm_Simulator"
| #define PACKAGE_TARNAME "arm_simulator"
| #define PACKAGE_VERSION "1.4"
| #define PACKAGE_STRING "Arm_Simulator 1.4"
| #define PACKAGE_BUGREPORT "Guillaume.Huard@imag.fr"
| #define PACKAGE_URL ""
| #define PACKAGE "arm_simulator"
| #define VERSION "1.4"
| #define STDC_HEADERS 1
| #define HAVE_SYS_WAIT_H 1
| #define HAVE_SYS_TYPES_H 1
| #define HAVE_SYS_STAT_H 1
| #define HAVE_STDLIB_H 1
| #define HAVE_STRING_H 1
| #define HAVE_MEMORY_H 1
| #define HAVE_STRINGS_H 1
| #define HAVE_INTTYPES_H 1
| #define HAVE_STDINT_H 1
| #define HAVE_UNISTD_H 1
| #define HAVE_ARPA_INET_H 1
| #define HAVE_FCNTL_H 1
| #define HAVE_INTTYPES_H 1
| #define HAVE_NETDB_H 1
| #define HAVE_NETINET_IN_H 1
| #define HAVE_STDLIB_H 1
| #define HAVE_STRING_H 1
| #define HAVE_STRINGS_H 1
| #define HAVE_SYS_SOCKET_H 1
| #define HAVE_SYS_TIME_H 1
| #define HAVE_UNISTD_H 1
| /* end confdefs.h.  */
| #include <stdio.h>
| #ifdef HAVE_SYS_TYPES_H
| # include <sys/types.h>
| #endif
| #ifdef HAVE_SYS_STAT_H
| # include <sys/stat.h>
| #endif
| #ifdef STDC_HEADERS
| # include <stdlib.h>
| # include <stddef.h>
| #else
| # ifdef HAVE_STDLIB_H
| #  include <stdlib.h>
| # endif
| #endif
| #ifdef HAVE_STRING_H
| # if !defined STDC_HEADERS && defined HAVE_MEMORY_H
| #  include <memory.h>
| # endif
| # include <string.h>
| #endif
| #ifdef HAVE_STRINGS_H
| # include <strings.h>
| #endif
| #ifdef HAVE_INTTYPES_H
| # include <inttypes.h>
| #endif
| #ifdef HAVE_STDINT_H
| # include <stdint.h>
| #endif
| #ifdef HAVE_UNISTD_H
| # include <unistd.h>
| #endif
| int
| main ()
| {
| if (sizeof ((ssize_t)))
| 	    return 0;
|   ;
|   return 0;
| }
configure:4896: result: yes
configure:4907: checking for int8_t
configure:4907: gcc -c -Wall -Werror -g  conftest.c >&5
configure:4907: $? = 0
configure:4907: gcc -c -Wall -Werror -g  conftest.c >&5
conftest.c: In function 'main':
conftest.c:70:12: error: size of array 'test_array' is negative
 static int test_array [1 - 2 * !((int8_t) (((((int8_t) 1 << N) << N) - 1) * 2 + 1)
            ^~~~~~~~~~
configure:4907: $? = 1
configure: failed program was:
| /* confdefs.h */
| #define PACKAGE_NAME "Arm_Simulator"
| #define PACKAGE_TARNAME "arm_simulator"
| #define PACKAGE_VERSION "1.4"
| #define PACKAGE_STRING "Arm_Simulator 1.4"
| #define PACKAGE_BUGREPORT "Guillaume.Huard@imag.fr"
| #define PACKAGE_URL ""
| #define PACKAGE "arm_simulator"
| #define VERSION "1.4"
| #define STDC_HEADERS 1
| #define HAVE_SYS_WAIT_H 1
| #define HAVE_SYS_TYPES_H 1
| #define HAVE_SYS_STAT_H 1
| #define HAVE_STDLIB_H 1
| #define HAVE_STRING_H 1
| #define HAVE_MEMORY_H 1
| #define HAVE_STRINGS_H 1
| #define HAVE_INTTYPES_H 1
| #define HAVE_STDINT_H 1
| #define HAVE_UNISTD_H 1
| #define HAVE_ARPA_INET_H 1
| #define HAVE_FCNTL_H 1
| #define HAVE_INTTYPES_H 1
| #define HAVE_NETDB_H 1
| #define HAVE_NETINET_IN_H 1
| #define HAVE_STDLIB_H 1
| #define HAVE_STRING_H 1
| #define HAVE_STRINGS_H 1
| #define HAVE_SYS_SOCKET_H 1
| #define HAVE_SYS_TIME_H 1
| #define HAVE_UNISTD_H 1
| /* end confdefs.h.  */
| #include <stdio.h>
| #ifdef HAVE_SYS_TYPES_H
| # include <sys/types.h>
| #endif
| #ifdef HAVE_SYS_STAT_H
| # include <sys/stat.h>
| #endif
| #ifdef STDC_HEADERS
| # include <stdlib.h>
| # include <stddef.h>
| #else
| # ifdef HAVE_STDLIB_H
| #  include <stdlib.h>
| # endif
| #endif
| #ifdef HAVE_STRING_H
| # if !defined STDC_HEADERS && defined HAVE_MEMORY_H
| #  include <memory.h>
| # endif
| # include <string.h>
| #endif
| #ifdef HAVE_STRINGS_H
| # include <strings.h>
| #endif
| #ifdef HAVE_INTTYPES_H
| # include <inttypes.h>
| #endif
| #ifdef HAVE_STDINT_H
| # include <stdint.h>
| #endif
| #ifdef HAVE_UNISTD_H
| # include <unistd.h>
| #endif
| 	        enum { N = 8 / 2 - 1 };
| int
| main ()
| {
| static int test_array [1 - 2 * !((int8_t) (((((int8_t) 1 << N) << N) - 1) * 2 + 1)
| 		 < (int8_t) (((((int8_t) 1 << N) << N) - 1) * 2 + 2))];
| test_array [0] = 0;
| return test_array [0];
| 
|   ;
|   return 0;
| }
configure:4907: result: yes
configure:4918: checking for int16_t
configure:4918: gcc -c -Wall -Werror -g  conftest.c >&5
configure:4918: $? = 0
configure:4918: gcc -c -Wall -Werror -g  conftest.c >&5
conftest.c: In function 'main':
conftest.c:70:12: error: size of array 'test_array' is negative
 static int test_array [1 - 2 * !((int16_t) (((((int16_t) 1 << N) << N) - 1) * 2 + 1)
            ^~~~~~~~~~
configure:4918: $? = 1
configure: failed program was:
| /* confdefs.h */
| #define PACKAGE_NAME "Arm_Simulator"
| #define PACKAGE_TARNAME "arm_simulator"
| #define PACKAGE_VERSION "1.4"
| #define PACKAGE_STRING "Arm_Simulator 1.4"
| #define PACKAGE_BUGREPORT "Guillaume.Huard@imag.fr"
| #define PACKAGE_URL ""
| #define PACKAGE "arm_simulator"
| #define VERSION "1.4"
| #define STDC_HEADERS 1
| #define HAVE_SYS_WAIT_H 1
| #define HAVE_SYS_TYPES_H 1
| #define HAVE_SYS_STAT_H 1
| #define HAVE_STDLIB_H 1
| #define HAVE_STRING_H 1
| #define HAVE_MEMORY_H 1
| #define HAVE_STRINGS_H 1
| #define HAVE_INTTYPES_H 1
| #define HAVE_STDINT_H 1
| #define HAVE_UNISTD_H 1
| #define HAVE_ARPA_INET_H 1
| #define HAVE_FCNTL_H 1
| #define HAVE_INTTYPES_H 1
| #define HAVE_NETDB_H 1
| #define HAVE_NETINET_IN_H 1
| #define HAVE_STDLIB_H 1
| #define HAVE_STRING_H 1
| #define HAVE_STRINGS_H 1
| #define HAVE_SYS_SOCKET_H 1
| #define HAVE_SYS_TIME_H 1
| #define HAVE_UNISTD_H 1
| /* end confdefs.h.  */
| #include <stdio.h>
| #ifdef HAVE_SYS_TYPES_H
| # include <sys/types.h>
| #endif
| #ifdef HAVE_SYS_STAT_H
| # include <sys/stat.h>
| #endif
| #ifdef STDC_HEADERS
| # include <stdlib.h>
| # include <stddef.h>
| #else
| # ifdef HAVE_STDLIB_H
| #  include <stdlib.h>
| # endif
| #endif
| #ifdef HAVE_STRING_H
| # if !defined STDC_HEADERS && defined HAVE_MEMORY_H
| #  include <memory.h>
| # endif
| # include <string.h>
| #endif
| #ifdef HAVE_STRINGS_H
| # include <strings.h>
| #endif
| #ifdef HAVE_INTTYPES_H
| # include <inttypes.h>
| #endif
| #ifdef HAVE_STDINT_H
| # include <stdint.h>
| #endif
| #ifdef HAVE_UNISTD_H
| # include <unistd.h>
| #endif
| 	        enum { N = 16 / 2 - 1 };
| int
| main ()
| {
| static int test_array [1 - 2 * !((int16_t) (((((int16_t) 1 << N) << N) - 1) * 2 + 1)
| 		 < (int16_t) (((((int16_t) 1 << N) << N) - 1) * 2 + 2))];
| test_array [0] = 0;
| return test_array [0];
| 
|   ;
|   return 0;
| }
configure:4918: result: yes
configure:4929: checking for int32_t
configure:4929: gcc -c -Wall -Werror -g  conftest.c >&5
configure:4929: $? = 0
configure:4929: gcc -c -Wall -Werror -g  conftest.c >&5
conftest.c: In function 'main':
conftest.c:71:53: error: integer overflow in expression [-Werror=overflow]
    < (int32_t) (((((int32_t) 1 << N) << N) - 1) * 2 + 2))];
                                                     ^
conftest.c:70:12: error: storage size of 'test_array' isn't constant
 static int test_array [1 - 2 * !((int32_t) (((((int32_t) 1 << N) << N) - 1) * 2 + 1)
            ^~~~~~~~~~
conftest.c:70:12: error: unused variable 'test_array' [-Werror=unused-variable]
cc1: all warnings being treated as errors
configure:4929: $? = 1
configure: failed program was:
| /* confdefs.h */
| #define PACKAGE_NAME "Arm_Simulator"
| #define PACKAGE_TARNAME "arm_simulator"
| #define PACKAGE_VERSION "1.4"
| #define PACKAGE_STRING "Arm_Simulator 1.4"
| #define PACKAGE_BUGREPORT "Guillaume.Huard@imag.fr"
| #define PACKAGE_URL ""
| #define PACKAGE "arm_simulator"
| #define VERSION "1.4"
| #define STDC_HEADERS 1
| #define HAVE_SYS_WAIT_H 1
| #define HAVE_SYS_TYPES_H 1
| #define HAVE_SYS_STAT_H 1
| #define HAVE_STDLIB_H 1
| #define HAVE_STRING_H 1
| #define HAVE_MEMORY_H 1
| #define HAVE_STRINGS_H 1
| #define HAVE_INTTYPES_H 1
| #define HAVE_STDINT_H 1
| #define HAVE_UNISTD_H 1
| #define HAVE_ARPA_INET_H 1
| #define HAVE_FCNTL_H 1
| #define HAVE_INTTYPES_H 1
| #define HAVE_NETDB_H 1
| #define HAVE_NETINET_IN_H 1
| #define HAVE_STDLIB_H 1
| #define HAVE_STRING_H 1
| #define HAVE_STRINGS_H 1
| #define HAVE_SYS_SOCKET_H 1
| #define HAVE_SYS_TIME_H 1
| #define HAVE_UNISTD_H 1
| /* end confdefs.h.  */
| #include <stdio.h>
| #ifdef HAVE_SYS_TYPES_H
| # include <sys/types.h>
| #endif
| #ifdef HAVE_SYS_STAT_H
| # include <sys/stat.h>
| #endif
| #ifdef STDC_HEADERS
| # include <stdlib.h>
| # include <stddef.h>
| #else
| # ifdef HAVE_STDLIB_H
| #  include <stdlib.h>
| # endif
| #endif
| #ifdef HAVE_STRING_H
| # if !defined STDC_HEADERS && defined HAVE_MEMORY_H
| #  include <memory.h>
| # endif
| # include <string.h>
| #endif
| #ifdef HAVE_STRINGS_H
| # include <strings.h>
| #endif
| #ifdef HAVE_INTTYPES_H
| # include <inttypes.h>
| #endif
| #ifdef HAVE_STDINT_H
| # include <stdint.h>
| #endif
| #ifdef HAVE_UNISTD_H
| # include <unistd.h>
| #endif
| 	        enum { N = 32 / 2 - 1 };
| int
| main ()
| {
| static int test_array [1 - 2 * !((int32_t) (((((int32_t) 1 << N) << N) - 1) * 2 + 1)
| 		 < (int32_t) (((((int32_t) 1 << N) << N) - 1) * 2 + 2))];
| test_array [0] = 0;
| return test_array [0];
| 
|   ;
|   return 0;
| }
configure:4929: result: yes
configure:4940: checking for uint8_t
configure:4940: gcc -c -Wall -Werror -g  conftest.c >&5
configure:4940: $? = 0
configure:4940: result: yes
configure:4954: checking for uint16_t
configure:4954: gcc -c -Wall -Werror -g  conftest.c >&5
configure:4954: $? = 0
configure:4954: result: yes
configure:4966: checking for uint32_t
configure:4966: gcc -c -Wall -Werror -g  conftest.c >&5
configure:4966: $? = 0
configure:4966: result: yes
configure:4980: checking whether time.h and sys/time.h may both be included
configure:5000: gcc -c -Wall -Werror -g  conftest.c >&5
configure:5000: $? = 0
configure:5007: result: yes
configure:5019: checking vfork.h usability
configure:5019: gcc -c -Wall -Werror -g  conftest.c >&5
conftest.c:67:10: fatal error: vfork.h: No such file or directory
 #include <vfork.h>
          ^~~~~~~~~
compilation terminated.
configure:5019: $? = 1
configure: failed program was:
| /* confdefs.h */
| #define PACKAGE_NAME "Arm_Simulator"
| #define PACKAGE_TARNAME "arm_simulator"
| #define PACKAGE_VERSION "1.4"
| #define PACKAGE_STRING "Arm_Simulator 1.4"
| #define PACKAGE_BUGREPORT "Guillaume.Huard@imag.fr"
| #define PACKAGE_URL ""
| #define PACKAGE "arm_simulator"
| #define VERSION "1.4"
| #define STDC_HEADERS 1
| #define HAVE_SYS_WAIT_H 1
| #define HAVE_SYS_TYPES_H 1
| #define HAVE_SYS_STAT_H 1
| #define HAVE_STDLIB_H 1
| #define HAVE_STRING_H 1
| #define HAVE_MEMORY_H 1
| #define HAVE_STRINGS_H 1
| #define HAVE_INTTYPES_H 1
| #define HAVE_STDINT_H 1
| #define HAVE_UNISTD_H 1
| #define HAVE_ARPA_INET_H 1
| #define HAVE_FCNTL_H 1
| #define HAVE_INTTYPES_H 1
| #define HAVE_NETDB_H 1
| #define HAVE_NETINET_IN_H 1
| #define HAVE_STDLIB_H 1
| #define HAVE_STRING_H 1
| #define HAVE_STRINGS_H 1
| #define HAVE_SYS_SOCKET_H 1
| #define HAVE_SYS_TIME_H 1
| #define HAVE_UNISTD_H 1
| #define TIME_WITH_SYS_TIME 1
| /* end confdefs.h.  */
| #include <stdio.h>
| #ifdef HAVE_SYS_TYPES_H
| # include <sys/types.h>
| #endif
| #ifdef HAVE_SYS_STAT_H
| # include <sys/stat.h>
| #endif
| #ifdef STDC_HEADERS
| # include <stdlib.h>
| # include <stddef.h>
| #else
| # ifdef HAVE_STDLIB_H
| #  include <stdlib.h>
| # endif
| #endif
| #ifdef HAVE_STRING_H
| # if !defined STDC_HEADERS && defined HAVE_MEMORY_H
| #  include <memory.h>
| # endif
| # include <string.h>
| #endif
| #ifdef HAVE_STRINGS_H
| # include <strings.h>
| #endif
| #ifdef HAVE_INTTYPES_H
| # include <inttypes.h>
| #endif
| #ifdef HAVE_STDINT_H
| # include <stdint.h>
| #endif
| #ifdef HAVE_UNISTD_H
| # include <unistd.h>
| #endif
| #include <vfork.h>
configure:5019: result: no
configure:5019: checking vfork.h presence
configure:5019: gcc -E  conftest.c
conftest.c:34:10: fatal error: vfork.h: No such file or directory
 #include <vfork.h>
          ^~~~~~~~~
compilation terminated.
configure:5019: $? = 1
configure: failed program was:
| /* confdefs.h */
| #define PACKAGE_NAME "Arm_Simulator"
| #define PACKAGE_TARNAME "arm_simulator"
| #define PACKAGE_VERSION "1.4"
| #define PACKAGE_STRING "Arm_Simulator 1.4"
| #define PACKAGE_BUGREPORT "Guillaume.Huard@imag.fr"
| #define PACKAGE_URL ""
| #define PACKAGE "arm_simulator"
| #define VERSION "1.4"
| #define STDC_HEADERS 1
| #define HAVE_SYS_WAIT_H 1
| #define HAVE_SYS_TYPES_H 1
| #define HAVE_SYS_STAT_H 1
| #define HAVE_STDLIB_H 1
| #define HAVE_STRING_H 1
| #define HAVE_MEMORY_H 1
| #define HAVE_STRINGS_H 1
| #define HAVE_INTTYPES_H 1
| #define HAVE_STDINT_H 1
| #define HAVE_UNISTD_H 1
| #define HAVE_ARPA_INET_H 1
| #define HAVE_FCNTL_H 1
| #define HAVE_INTTYPES_H 1
| #define HAVE_NETDB_H 1
| #define HAVE_NETINET_IN_H 1
| #define HAVE_STDLIB_H 1
| #define HAVE_STRING_H 1
| #define HAVE_STRINGS_H 1
| #define HAVE_SYS_SOCKET_H 1
| #define HAVE_SYS_TIME_H 1
| #define HAVE_UNISTD_H 1
| #define TIME_WITH_SYS_TIME 1
| /* end confdefs.h.  */
| #include <vfork.h>
configure:5019: result: no
configure:5019: checking for vfork.h
configure:5019: result: no
configure:5032: checking for fork
configure:5032: gcc -o conftest -Wall -Werror -g   conftest.c  >&5
conftest.c:57:6: error: conflicting types for built-in function 'fork' [-Werror=builtin-declaration-mismatch]
 char fork ();
      ^~~~
cc1: all warnings being treated as errors
configure:5032: $? = 1
configure: failed program was:
| /* confdefs.h */
| #define PACKAGE_NAME "Arm_Simulator"
| #define PACKAGE_TARNAME "arm_simulator"
| #define PACKAGE_VERSION "1.4"
| #define PACKAGE_STRING "Arm_Simulator 1.4"
| #define PACKAGE_BUGREPORT "Guillaume.Huard@imag.fr"
| #define PACKAGE_URL ""
| #define PACKAGE "arm_simulator"
| #define VERSION "1.4"
| #define STDC_HEADERS 1
| #define HAVE_SYS_WAIT_H 1
| #define HAVE_SYS_TYPES_H 1
| #define HAVE_SYS_STAT_H 1
| #define HAVE_STDLIB_H 1
| #define HAVE_STRING_H 1
| #define HAVE_MEMORY_H 1
| #define HAVE_STRINGS_H 1
| #define HAVE_INTTYPES_H 1
| #define HAVE_STDINT_H 1
| #define HAVE_UNISTD_H 1
| #define HAVE_ARPA_INET_H 1
| #define HAVE_FCNTL_H 1
| #define HAVE_INTTYPES_H 1
| #define HAVE_NETDB_H 1
| #define HAVE_NETINET_IN_H 1
| #define HAVE_STDLIB_H 1
| #define HAVE_STRING_H 1
| #define HAVE_STRINGS_H 1
| #define HAVE_SYS_SOCKET_H 1
| #define HAVE_SYS_TIME_H 1
| #define HAVE_UNISTD_H 1
| #define TIME_WITH_SYS_TIME 1
| /* end confdefs.h.  */
| /* Define fork to an innocuous variant, in case <limits.h> declares fork.
|    For example, HP-UX 11i <limits.h> declares gettimeofday.  */
| #define fork innocuous_fork
| 
| /* System header to define __stub macros and hopefully few prototypes,
|     which can conflict with char fork (); below.
|     Prefer <limits.h> to <assert.h> if __STDC__ is defined, since
|     <limits.h> exists even on freestanding compilers.  */
| 
| #ifdef __STDC__
| # include <limits.h>
| #else
| # include <assert.h>
| #endif
| 
| #undef fork
| 
| /* Override any GCC internal prototype to avoid an error.
|    Use char because int might match the return type of a GCC
|    builtin and then its argument prototype would still apply.  */
| #ifdef __cplusplus
| extern "C"
| #endif
| char fork ();
| /* The GNU C library defines this for functions which it implements
|     to always fail with ENOSYS.  Some functions are actually named
|     something starting with __ and the normal name is an alias.  */
| #if defined __stub_fork || defined __stub___fork
| choke me
| #endif
| 
| int
| main ()
| {
| return fork ();
|   ;
|   return 0;
| }
configure:5032: result: no
configure:5032: checking for vfork
configure:5032: gcc -o conftest -Wall -Werror -g   conftest.c  >&5
configure:5032: $? = 0
configure:5032: result: yes
configure:5095: checking for working vfork
configure:5205: result: yes
configure:5230: checking whether getpgrp requires zero arguments
configure:5247: gcc -c -Wall -Werror -g  conftest.c >&5
conftest.c: In function 'main':
conftest.c:72:1: error: too many arguments to function 'getpgrp'
 getpgrp (0);
 ^~~~~~~
In file included from conftest.c:67:0:
/usr/include/unistd.h:637:16: note: declared here
 extern __pid_t getpgrp (void) __THROW;
                ^~~~~~~
configure:5247: $? = 1
configure: failed program was:
| /* confdefs.h */
| #define PACKAGE_NAME "Arm_Simulator"
| #define PACKAGE_TARNAME "arm_simulator"
| #define PACKAGE_VERSION "1.4"
| #define PACKAGE_STRING "Arm_Simulator 1.4"
| #define PACKAGE_BUGREPORT "Guillaume.Huard@imag.fr"
| #define PACKAGE_URL ""
| #define PACKAGE "arm_simulator"
| #define VERSION "1.4"
| #define STDC_HEADERS 1
| #define HAVE_SYS_WAIT_H 1
| #define HAVE_SYS_TYPES_H 1
| #define HAVE_SYS_STAT_H 1
| #define HAVE_STDLIB_H 1
| #define HAVE_STRING_H 1
| #define HAVE_MEMORY_H 1
| #define HAVE_STRINGS_H 1
| #define HAVE_INTTYPES_H 1
| #define HAVE_STDINT_H 1
| #define HAVE_UNISTD_H 1
| #define HAVE_ARPA_INET_H 1
| #define HAVE_FCNTL_H 1
| #define HAVE_INTTYPES_H 1
| #define HAVE_NETDB_H 1
| #define HAVE_NETINET_IN_H 1
| #define HAVE_STDLIB_H 1
| #define HAVE_STRING_H 1
| #define HAVE_STRINGS_H 1
| #define HAVE_SYS_SOCKET_H 1
| #define HAVE_SYS_TIME_H 1
| #define HAVE_UNISTD_H 1
| #define TIME_WITH_SYS_TIME 1
| #define HAVE_VFORK 1
| #define HAVE_WORKING_VFORK 1
| /* end confdefs.h.  */
| #include <stdio.h>
| #ifdef HAVE_SYS_TYPES_H
| # include <sys/types.h>
| #endif
| #ifdef HAVE_SYS_STAT_H
| # include <sys/stat.h>
| #endif
| #ifdef STDC_HEADERS
| # include <stdlib.h>
| # include <stddef.h>
| #else
| # ifdef HAVE_STDLIB_H
| #  include <stdlib.h>
| # endif
| #endif
| #ifdef HAVE_STRING_H
| # if !defined STDC_HEADERS && defined HAVE_MEMORY_H
| #  include <memory.h>
| # endif
| # include <string.h>
| #endif
| #ifdef HAVE_STRINGS_H
| # include <strings.h>
| #endif
| #ifdef HAVE_INTTYPES_H
| # include <inttypes.h>
| #endif
| #ifdef HAVE_STDINT_H
| # include <stdint.h>
| #endif
| #ifdef HAVE_UNISTD_H
| # include <unistd.h>
| #endif
| int
| main ()
| {
| getpgrp (0);
|   ;
|   return 0;
| }
configure:5255: result: yes
configure:5265: checking for stdlib.h
configure:5265: result: yes
configure:5275: checking for GNU libc compatible malloc
configure:5299: gcc -o conftest -Wall -Werror -g   conftest.c  >&5
configure:5299: $? = 0
configure:5299: ./conftest
configure:5299: $? = 0
configure:5309: result: yes
configure:5336: checking for stdlib.h
configure:5336: result: yes
configure:5336: checking for unistd.h
configure:5336: result: yes
configure:5336: checking for sys/param.h
configure:5336: gcc -c -Wall -Werror -g  conftest.c >&5
configure:5336: $? = 0
configure:5336: result: yes
configure:5356: checking for getpagesize
configure:5356: gcc -o conftest -Wall -Werror -g   conftest.c  >&5
configure:5356: $? = 0
configure:5356: result: yes
configure:5365: checking for working mmap
configure:5514: gcc -o conftest -Wall -Werror -g   conftest.c  >&5
configure:5514: $? = 0
configure:5514: ./conftest
configure:5514: $? = 0
configure:5524: result: yes
configure:5535: checking for stdlib.h
configure:5535: result: yes
configure:5545: checking for GNU libc compatible realloc
configure:5569: gcc -o conftest -Wall -Werror -g   conftest.c  >&5
configure:5569: $? = 0
configure:5569: ./conftest
configure:5569: $? = 0
configure:5579: result: yes
configure:5603: checking sys/select.h usability
configure:5603: gcc -c -Wall -Werror -g  conftest.c >&5
configure:5603: $? = 0
configure:5603: result: yes
configure:5603: checking sys/select.h presence
configure:5603: gcc -E  conftest.c
configure:5603: $? = 0
configure:5603: result: yes
configure:5603: checking for sys/select.h
configure:5603: result: yes
configure:5603: checking for sys/socket.h
configure:5603: result: yes
configure:5613: checking types of arguments for select
configure:5641: gcc -c -Wall -Werror -g  conftest.c >&5
configure:5641: $? = 0
configure:5652: result: int,fd_set *,struct timeval *
configure:5675: checking whether lstat correctly handles trailing slash
configure:5701: gcc -o conftest -Wall -Werror -g   conftest.c  >&5
configure:5701: $? = 0
configure:5701: ./conftest
configure:5701: $? = 0
configure:5718: result: yes
configure:5737: checking whether stat accepts an empty string
configure:5757: gcc -o conftest -Wall -Werror -g   conftest.c  >&5
configure:5757: $? = 0
configure:5757: ./conftest
configure:5757: $? = 0
configure:5767: result: no
configure:5786: checking for alarm
configure:5786: gcc -o conftest -Wall -Werror -g   conftest.c  >&5
configure:5786: $? = 0
configure:5786: result: yes
configure:5786: checking for bzero
configure:5786: gcc -o conftest -Wall -Werror -g   conftest.c  >&5
conftest.c:76:6: error: conflicting types for built-in function 'bzero' [-Werror=builtin-declaration-mismatch]
 char bzero ();
      ^~~~~
cc1: all warnings being treated as errors
configure:5786: $? = 1
configure: failed program was:
| /* confdefs.h */
| #define PACKAGE_NAME "Arm_Simulator"
| #define PACKAGE_TARNAME "arm_simulator"
| #define PACKAGE_VERSION "1.4"
| #define PACKAGE_STRING "Arm_Simulator 1.4"
| #define PACKAGE_BUGREPORT "Guillaume.Huard@imag.fr"
| #define PACKAGE_URL ""
| #define PACKAGE "arm_simulator"
| #define VERSION "1.4"
| #define STDC_HEADERS 1
| #define HAVE_SYS_WAIT_H 1
| #define HAVE_SYS_TYPES_H 1
| #define HAVE_SYS_STAT_H 1
| #define HAVE_STDLIB_H 1
| #define HAVE_STRING_H 1
| #define HAVE_MEMORY_H 1
| #define HAVE_STRINGS_H 1
| #define HAVE_INTTYPES_H 1
| #define HAVE_STDINT_H 1
| #define HAVE_UNISTD_H 1
| #define HAVE_ARPA_INET_H 1
| #define HAVE_FCNTL_H 1
| #define HAVE_INTTYPES_H 1
| #define HAVE_NETDB_H 1
| #define HAVE_NETINET_IN_H 1
| #define HAVE_STDLIB_H 1
| #define HAVE_STRING_H 1
| #define HAVE_STRINGS_H 1
| #define HAVE_SYS_SOCKET_H 1
| #define HAVE_SYS_TIME_H 1
| #define HAVE_UNISTD_H 1
| #define TIME_WITH_SYS_TIME 1
| #define HAVE_VFORK 1
| #define HAVE_WORKING_VFORK 1
| #define GETPGRP_VOID 1
| #define HAVE_STDLIB_H 1
| #define HAVE_MALLOC 1
| #define HAVE_STDLIB_H 1
| #define HAVE_UNISTD_H 1
| #define HAVE_SYS_PARAM_H 1
| #define HAVE_GETPAGESIZE 1
| #define HAVE_MMAP 1
| #define HAVE_STDLIB_H 1
| #define HAVE_REALLOC 1
| #define HAVE_SYS_SELECT_H 1
| #define HAVE_SYS_SOCKET_H 1
| #define SELECT_TYPE_ARG1 int
| #define SELECT_TYPE_ARG234 (fd_set *)
| #define SELECT_TYPE_ARG5 (struct timeval *)
| #define LSTAT_FOLLOWS_SLASHED_SYMLINK 1
| #define HAVE_ALARM 1
| /* end confdefs.h.  */
| /* Define bzero to an innocuous variant, in case <limits.h> declares bzero.
|    For example, HP-UX 11i <limits.h> declares gettimeofday.  */
| #define bzero innocuous_bzero
| 
| /* System header to define __stub macros and hopefully few prototypes,
|     which can conflict with char bzero (); below.
|     Prefer <limits.h> to <assert.h> if __STDC__ is defined, since
|     <limits.h> exists even on freestanding compilers.  */
| 
| #ifdef __STDC__
| # include <limits.h>
| #else
| # include <assert.h>
| #endif
| 
| #undef bzero
| 
| /* Override any GCC internal prototype to avoid an error.
|    Use char because int might match the return type of a GCC
|    builtin and then its argument prototype would still apply.  */
| #ifdef __cplusplus
| extern "C"
| #endif
| char bzero ();
| /* The GNU C library defines this for functions which it implements
|     to always fail with ENOSYS.  Some functions are actually named
|     something starting with __ and the normal name is an alias.  */
| #if defined __stub_bzero || defined __stub___bzero
| choke me
| #endif
| 
| int
| main ()
| {
| return bzero ();
|   ;
|   return 0;
| }
configure:5786: result: no
configure:5786: checking for dup2
configure:5786: gcc -o conftest -Wall -Werror -g   conftest.c  >&5
configure:5786: $? = 0
configure:5786: result: yes
configure:5786: checking for gethostbyaddr
configure:5786: gcc -o conftest -Wall -Werror -g   conftest.c  >&5
configure:5786: $? = 0
configure:5786: result: yes
configure:5786: checking for gethostbyname
configure:5786: gcc -o conftest -Wall -Werror -g   conftest.c  >&5
configure:5786: $? = 0
configure:5786: result: yes
configure:5786: checking for memset
configure:5786: gcc -o conftest -Wall -Werror -g   conftest.c  >&5
conftest.c:79:6: error: conflicting types for built-in function 'memset' [-Werror=builtin-declaration-mismatch]
 char memset ();
      ^~~~~~
cc1: all warnings being treated as errors
configure:5786: $? = 1
configure: failed program was:
| /* confdefs.h */
| #define PACKAGE_NAME "Arm_Simulator"
| #define PACKAGE_TARNAME "arm_simulator"
| #define PACKAGE_VERSION "1.4"
| #define PACKAGE_STRING "Arm_Simulator 1.4"
| #define PACKAGE_BUGREPORT "Guillaume.Huard@imag.fr"
| #define PACKAGE_URL ""
| #define PACKAGE "arm_simulator"
| #define VERSION "1.4"
| #define STDC_HEADERS 1
| #define HAVE_SYS_WAIT_H 1
| #define HAVE_SYS_TYPES_H 1
| #define HAVE_SYS_STAT_H 1
| #define HAVE_STDLIB_H 1
| #define HAVE_STRING_H 1
| #define HAVE_MEMORY_H 1
| #define HAVE_STRINGS_H 1
| #define HAVE_INTTYPES_H 1
| #define HAVE_STDINT_H 1
| #define HAVE_UNISTD_H 1
| #define HAVE_ARPA_INET_H 1
| #define HAVE_FCNTL_H 1
| #define HAVE_INTTYPES_H 1
| #define HAVE_NETDB_H 1
| #define HAVE_NETINET_IN_H 1
| #define HAVE_STDLIB_H 1
| #define HAVE_STRING_H 1
| #define HAVE_STRINGS_H 1
| #define HAVE_SYS_SOCKET_H 1
| #define HAVE_SYS_TIME_H 1
| #define HAVE_UNISTD_H 1
| #define TIME_WITH_SYS_TIME 1
| #define HAVE_VFORK 1
| #define HAVE_WORKING_VFORK 1
| #define GETPGRP_VOID 1
| #define HAVE_STDLIB_H 1
| #define HAVE_MALLOC 1
| #define HAVE_STDLIB_H 1
| #define HAVE_UNISTD_H 1
| #define HAVE_SYS_PARAM_H 1
| #define HAVE_GETPAGESIZE 1
| #define HAVE_MMAP 1
| #define HAVE_STDLIB_H 1
| #define HAVE_REALLOC 1
| #define HAVE_SYS_SELECT_H 1
| #define HAVE_SYS_SOCKET_H 1
| #define SELECT_TYPE_ARG1 int
| #define SELECT_TYPE_ARG234 (fd_set *)
| #define SELECT_TYPE_ARG5 (struct timeval *)
| #define LSTAT_FOLLOWS_SLASHED_SYMLINK 1
| #define HAVE_ALARM 1
| #define HAVE_DUP2 1
| #define HAVE_GETHOSTBYADDR 1
| #define HAVE_GETHOSTBYNAME 1
| /* end confdefs.h.  */
| /* Define memset to an innocuous variant, in case <limits.h> declares memset.
|    For example, HP-UX 11i <limits.h> declares gettimeofday.  */
| #define memset innocuous_memset
| 
| /* System header to define __stub macros and hopefully few prototypes,
|     which can conflict with char memset (); below.
|     Prefer <limits.h> to <assert.h> if __STDC__ is defined, since
|     <limits.h> exists even on freestanding compilers.  */
| 
| #ifdef __STDC__
| # include <limits.h>
| #else
| # include <assert.h>
| #endif
| 
| #undef memset
| 
| /* Override any GCC internal prototype to avoid an error.
|    Use char because int might match the return type of a GCC
|    builtin and then its argument prototype would still apply.  */
| #ifdef __cplusplus
| extern "C"
| #endif
| char memset ();
| /* The GNU C library defines this for functions which it implements
|     to always fail with ENOSYS.  Some functions are actually named
|     something starting with __ and the normal name is an alias.  */
| #if defined __stub_memset || defined __stub___memset
| choke me
| #endif
| 
| int
| main ()
| {
| return memset ();
|   ;
|   return 0;
| }
configure:5786: result: no
configure:5786: checking for munmap
configure:5786: gcc -o conftest -Wall -Werror -g   conftest.c  >&5
configure:5786: $? = 0
configure:5786: result: yes
configure:5786: checking for select
configure:5786: gcc -o conftest -Wall -Werror -g   conftest.c  >&5
configure:5786: $? = 0
configure:5786: result: yes
configure:5786: checking for socket
configure:5786: gcc -o conftest -Wall -Werror -g   conftest.c  >&5
configure:5786: $? = 0
configure:5786: result: yes
configure:5786: checking for strerror
configure:5786: gcc -o conftest -Wall -Werror -g   conftest.c  >&5
configure:5786: $? = 0
configure:5786: result: yes
configure:5813: checking for arm-elf-gcc
configure:5843: result: no
configure:5813: checking for arm-linux-gnueabi-gcc
configure:5843: result: no
configure:5813: checking for arm-none-eabi-gcc
configure:5829: found /usr/bin/arm-none-eabi-gcc
configure:5840: result: arm-none-eabi-gcc
configure:5876: enabling the Examples directory with arm-none-eabi cross-compiler target
configure:6001: checking that generated files are newer than configure
configure:6007: result: done
configure:6038: creating ./config.status

## ---------------------- ##
## Running config.status. ##
## ---------------------- ##

This file was extended by Arm_Simulator config.status 1.4, which was
generated by GNU Autoconf 2.69.  Invocation command line was

  CONFIG_FILES    = 
  CONFIG_HEADERS  = 
  CONFIG_LINKS    = 
  CONFIG_COMMANDS = 
  $ ./config.status 

on hernzbuntu

config.status:904: creating Examples/Makefile
config.status:904: creating Makefile
config.status:904: creating config.h
config.status:1133: executing depfiles commands

## ---------------- ##
## Cache variables. ##
## ---------------- ##

ac_cv_c_compiler_gnu=yes
ac_cv_c_const=yes
ac_cv_c_int16_t=yes
ac_cv_c_int32_t=yes
ac_cv_c_int8_t=yes
ac_cv_c_uint16_t=yes
ac_cv_c_uint32_t=yes
ac_cv_c_uint8_t=yes
ac_cv_env_CCASFLAGS_set=
ac_cv_env_CCASFLAGS_value=
ac_cv_env_CCAS_set=
ac_cv_env_CCAS_value=
ac_cv_env_CC_set=
ac_cv_env_CC_value=
ac_cv_env_CFLAGS_set=set
ac_cv_env_CFLAGS_value='-Wall -Werror -g'
ac_cv_env_CPPFLAGS_set=
ac_cv_env_CPPFLAGS_value=
ac_cv_env_CPP_set=
ac_cv_env_CPP_value=
ac_cv_env_LDFLAGS_set=
ac_cv_env_LDFLAGS_value=
ac_cv_env_LIBS_set=
ac_cv_env_LIBS_value=
ac_cv_env_build_alias_set=
ac_cv_env_build_alias_value=
ac_cv_env_host_alias_set=
ac_cv_env_host_alias_value=
ac_cv_env_target_alias_set=
ac_cv_env_target_alias_value=
ac_cv_func_alarm=yes
ac_cv_func_bzero=no
ac_cv_func_dup2=yes
ac_cv_func_fork=no
ac_cv_func_fork_works=no
ac_cv_func_gethostbyaddr=yes
ac_cv_func_gethostbyname=yes
ac_cv_func_getpagesize=yes
ac_cv_func_getpgrp_void=yes
ac_cv_func_lstat_dereferences_slashed_symlink=yes
ac_cv_func_malloc_0_nonnull=yes
ac_cv_func_memset=no
ac_cv_func_mmap_fixed_mapped=yes
ac_cv_func_munmap=yes
ac_cv_func_realloc_0_nonnull=yes
ac_cv_func_select=yes
ac_cv_func_select_args='int,fd_set *,struct timeval *'
ac_cv_func_socket=yes
ac_cv_func_stat_empty_string_bug=no
ac_cv_func_strerror=yes
ac_cv_func_vfork=yes
ac_cv_func_vfork_works=yes
ac_cv_header_arpa_inet_h=yes
ac_cv_header_fcntl_h=yes
ac_cv_header_inttypes_h=yes
ac_cv_header_memory_h=yes
ac_cv_header_netdb_h=yes
ac_cv_header_netinet_in_h=yes
ac_cv_header_stdc=yes
ac_cv_header_stdint_h=yes
ac_cv_header_stdlib_h=yes
ac_cv_header_string_h=yes
ac_cv_header_strings_h=yes
ac_cv_header_sys_param_h=yes
ac_cv_header_sys_select_h=yes
ac_cv_header_sys_socket_h=yes
ac_cv_header_sys_stat_h=yes
ac_cv_header_sys_time_h=yes
ac_cv_header_sys_types_h=yes
ac_cv_header_sys_wait_h=yes
ac_cv_header_time=yes
ac_cv_header_unistd_h=yes
ac_cv_header_vfork_h=no
ac_cv_objext=o
ac_cv_path_EGREP='/bin/grep -E'
ac_cv_path_GREP=/bin/grep
ac_cv_path_install='/usr/bin/install -c'
ac_cv_path_mkdir=/bin/mkdir
ac_cv_prog_AWK=mawk
ac_cv_prog_CPP='gcc -E'
ac_cv_prog_GCC_CROSS=arm-none-eabi-gcc
ac_cv_prog_ac_ct_CC=gcc
ac_cv_prog_cc_c89=
ac_cv_prog_cc_g=yes
ac_cv_prog_make_make_set=yes
ac_cv_type_mode_t=yes
ac_cv_type_off_t=yes
ac_cv_type_pid_t=yes
ac_cv_type_size_t=yes
ac_cv_type_ssize_t=yes
am_cv_CCAS_dependencies_compiler_type=gcc3
am_cv_CC_dependencies_compiler_type=gcc3
am_cv_make_support_nested_variables=yes
am_cv_prog_cc_c_o=yes

## ----------------- ##
## Output variables. ##
## ----------------- ##

ACLOCAL='${SHELL} /home/hernz/source/projetS5/build-aux/missing aclocal-1.15'
AMDEPBACKSLASH='\'
AMDEP_FALSE='#'
AMDEP_TRUE=''
AMTAR='$${TAR-tar}'
AM_BACKSLASH='\'
AM_DEFAULT_V='$(AM_DEFAULT_VERBOSITY)'
AM_DEFAULT_VERBOSITY='1'
AM_V='$(V)'
AUTOCONF='${SHELL} /home/hernz/source/projetS5/build-aux/missing autoconf'
AUTOHEADER='${SHELL} /home/hernz/source/projetS5/build-aux/missing autoheader'
AUTOMAKE='${SHELL} /home/hernz/source/projetS5/build-aux/missing automake-1.15'
AWK='mawk'
CC='gcc'
CCAS='gcc'
CCASDEPMODE='depmode=gcc3'
CCASFLAGS='-Wall -Werror -g'
CCDEPMODE='depmode=gcc3'
CFLAGS='-Wall -Werror -g'
CPP='gcc -E'
CPPFLAGS=''
CYGPATH_W='echo'
DEFS='-DHAVE_CONFIG_H'
DEPDIR='.deps'
ECHO_C=''
ECHO_N='-n'
ECHO_T=''
EGREP='/bin/grep -E'
EXEEXT=''
GCC_CROSS='arm-none-eabi-gcc'
GREP='/bin/grep'
HAVE_ARM_COMPILER_FALSE='#'
HAVE_ARM_COMPILER_TRUE=''
INSTALL_DATA='${INSTALL} -m 644'
INSTALL_PROGRAM='${INSTALL}'
INSTALL_SCRIPT='${INSTALL}'
INSTALL_STRIP_PROGRAM='$(install_sh) -c -s'
LDFLAGS=''
LEX='${SHELL} /home/hernz/source/projetS5/build-aux/missing flex'
LEXLIB=''
LEX_OUTPUT_ROOT=''
LIBOBJS=''
LIBS=''
LTLIBOBJS=''
MAKEINFO='${SHELL} /home/hernz/source/projetS5/build-aux/missing makeinfo'
MKDIR_P='/bin/mkdir -p'
OBJEXT='o'
PACKAGE='arm_simulator'
PACKAGE_BUGREPORT='Guillaume.Huard@imag.fr'
PACKAGE_NAME='Arm_Simulator'
PACKAGE_STRING='Arm_Simulator 1.4'
PACKAGE_TARNAME='arm_simulator'
PACKAGE_URL=''
PACKAGE_VERSION='1.4'
PATH_SEPARATOR=':'
SET_MAKE=''
SHELL='/bin/bash'
STRIP=''
VERSION='1.4'
ac_ct_CC='gcc'
am__EXEEXT_FALSE=''
am__EXEEXT_TRUE='#'
am__fastdepCCAS_FALSE='#'
am__fastdepCCAS_TRUE=''
am__fastdepCC_FALSE='#'
am__fastdepCC_TRUE=''
am__include='include'
am__isrc=''
am__leading_dot='.'
am__nodep='_no'
am__quote=''
am__tar='$${TAR-tar} chof - "$$tardir"'
am__untar='$${TAR-tar} xf -'
bindir='${exec_prefix}/bin'
build_alias=''
datadir='${datarootdir}'
datarootdir='${prefix}/share'
docdir='${datarootdir}/doc/${PACKAGE_TARNAME}'
dvidir='${docdir}'
exec_prefix='${prefix}'
host_alias=''
htmldir='${docdir}'
includedir='${prefix}/include'
infodir='${datarootdir}/info'
install_sh='${SHELL} /home/hernz/source/projetS5/build-aux/install-sh'
libdir='${exec_prefix}/lib'
libexecdir='${exec_prefix}/libexec'
localedir='${datarootdir}/locale'
localstatedir='${prefix}/var'
mandir='${datarootdir}/man'
mkdir_p='$(MKDIR_P)'
oldincludedir='/usr/include'
pdfdir='${docdir}'
prefix='/usr/local'
program_transform_name='s,x,x,'
psdir='${docdir}'
runstatedir='${localstatedir}/run'
sbindir='${exec_prefix}/sbin'
sharedstatedir='${prefix}/com'
sysconfdir='${prefix}/etc'
target_alias=''

## ----------- ##
## confdefs.h. ##
## ----------- ##

/* confdefs.h */
#define PACKAGE_NAME "Arm_Simulator"
#define PACKAGE_TARNAME "arm_simulator"
#define PACKAGE_VERSION "1.4"
#define PACKAGE_STRING "Arm_Simulator 1.4"
#define PACKAGE_BUGREPORT "Guillaume.Huard@imag.fr"
#define PACKAGE_URL ""
#define PACKAGE "arm_simulator"
#define VERSION "1.4"
#define STDC_HEADERS 1
#define HAVE_SYS_WAIT_H 1
#define HAVE_SYS_TYPES_H 1
#define HAVE_SYS_STAT_H 1
#define HAVE_STDLIB_H 1
#define HAVE_STRING_H 1
#define HAVE_MEMORY_H 1
#define HAVE_STRINGS_H 1
#define HAVE_INTTYPES_H 1
#define HAVE_STDINT_H 1
#define HAVE_UNISTD_H 1
#define HAVE_ARPA_INET_H 1
#define HAVE_FCNTL_H 1
#define HAVE_INTTYPES_H 1
#define HAVE_NETDB_H 1
#define HAVE_NETINET_IN_H 1
#define HAVE_STDLIB_H 1
#define HAVE_STRING_H 1
#define HAVE_STRINGS_H 1
#define HAVE_SYS_SOCKET_H 1
#define HAVE_SYS_TIME_H 1
#define HAVE_UNISTD_H 1
#define TIME_WITH_SYS_TIME 1
#define HAVE_VFORK 1
#define HAVE_WORKING_VFORK 1
#define GETPGRP_VOID 1
#define HAVE_STDLIB_H 1
#define HAVE_MALLOC 1
#define HAVE_STDLIB_H 1
#define HAVE_UNISTD_H 1
#define HAVE_SYS_PARAM_H 1
#define HAVE_GETPAGESIZE 1
#define HAVE_MMAP 1
#define HAVE_STDLIB_H 1
#define HAVE_REALLOC 1
#define HAVE_SYS_SELECT_H 1
#define HAVE_SYS_SOCKET_H 1
#define SELECT_TYPE_ARG1 int
#define SELECT_TYPE_ARG234 (fd_set *)
#define SELECT_TYPE_ARG5 (struct timeval *)
#define LSTAT_FOLLOWS_SLASHED_SYMLINK 1
#define HAVE_ALARM 1
#define HAVE_DUP2 1
#define HAVE_GETHOSTBYADDR 1
#define HAVE_GETHOSTBYNAME 1
#define HAVE_MUNMAP 1
#define HAVE_SELECT 1
#define HAVE_SOCKET 1
#define HAVE_STRERROR 1

configure: exit 0

## ---------------------- ##
## Running config.status. ##
## ---------------------- ##

This file was extended by Arm_Simulator config.status 1.4, which was
generated by GNU Autoconf 2.69.  Invocation command line was

  CONFIG_FILES    = 
  CONFIG_HEADERS  = 
  CONFIG_LINKS    = 
  CONFIG_COMMANDS = 
  $ ./config.status config.h

on hernzbuntu

config.status:904: creating config.h
config.status:1085: config.h is unchanged
